0 info it worked if it ends with ok
1 verbose cli [ '/usr/local/bin/node',
1 verbose cli   '/usr/local/bin/npm',
1 verbose cli   'install',
1 verbose cli   'npm-server',
1 verbose cli   '-' ]
2 info using npm@2.15.1
3 info using node@v4.4.4
4 verbose config Skipping project config: /Users/jonathan/.npmrc. (matches userconfig)
5 verbose install initial load of /Users/jonathan/package.json
6 verbose installManyTop reading scoped package data from /Users/jonathan/node_modules/angular-chart.js/package.json
7 verbose installManyTop reading scoped package data from /Users/jonathan/node_modules/angular-material-expansion-panel/package.json
8 verbose installManyTop reading scoped package data from /Users/jonathan/node_modules/chart.js/package.json
9 verbose installManyTop reading scoped package data from /Users/jonathan/node_modules/cheerio/package.json
10 verbose installManyTop reading scoped package data from /Users/jonathan/node_modules/electron-builder/package.json
11 verbose installManyTop reading scoped package data from /Users/jonathan/node_modules/electron-packager/package.json
12 verbose installManyTop reading scoped package data from /Users/jonathan/node_modules/local-web-server/package.json
13 verbose installManyTop reading scoped package data from /Users/jonathan/node_modules/ls/package.json
14 verbose installManyTop reading scoped package data from /Users/jonathan/node_modules/md-collapse/package.json
15 verbose installManyTop reading scoped package data from /Users/jonathan/node_modules/request/package.json
16 verbose installManyTop reading scoped package data from /Users/jonathan/node_modules/ui-router.login/package.json
17 verbose installManyTop reading scoped package data from /Users/jonathan/node_modules/website-scraper/package.json
18 info package.json ls@0.2.0 license should be a valid SPDX license expression
19 verbose readDependencies loading dependencies from /Users/jonathan/package.json
20 silly cache add args [ 'npm-server', null ]
21 verbose cache add spec npm-server
22 silly cache add args [ '-', null ]
23 verbose cache add spec -
24 silly cache add parsed spec Result {
24 silly cache add   raw: 'npm-server',
24 silly cache add   scope: null,
24 silly cache add   name: 'npm-server',
24 silly cache add   rawSpec: '',
24 silly cache add   spec: 'latest',
24 silly cache add   type: 'tag' }
25 silly addNamed npm-server@latest
26 verbose addNamed "latest" is being treated as a dist-tag for npm-server
27 info addNameTag [ 'npm-server', 'latest' ]
28 silly mapToRegistry name npm-server
29 silly mapToRegistry using default registry
30 silly mapToRegistry registry https://registry.npmjs.org/
31 silly mapToRegistry data Result {
31 silly mapToRegistry   raw: 'npm-server',
31 silly mapToRegistry   scope: null,
31 silly mapToRegistry   name: 'npm-server',
31 silly mapToRegistry   rawSpec: '',
31 silly mapToRegistry   spec: 'latest',
31 silly mapToRegistry   type: 'tag' }
32 silly mapToRegistry uri https://registry.npmjs.org/npm-server
33 verbose addNameTag registry:https://registry.npmjs.org/npm-server not in flight; fetching
34 silly cache add parsed spec Result {
34 silly cache add   raw: '-',
34 silly cache add   scope: null,
34 silly cache add   name: null,
34 silly cache add   rawSpec: '-',
34 silly cache add   spec: '/Users/jonathan/Desktop/Re-Sec/resec/-',
34 silly cache add   type: 'local' }
35 verbose request uri https://registry.npmjs.org/npm-server
36 verbose request no auth needed
37 info attempt registry request try #1 at 16:31:47
38 verbose request id b4889b20a332a176
39 http request GET https://registry.npmjs.org/npm-server
40 error addLocal Could not install /Users/jonathan/Desktop/Re-Sec/resec/-
41 http 200 https://registry.npmjs.org/npm-server
42 verbose headers { server: 'CouchDB/1.5.0 (Erlang OTP/R16B03)',
42 verbose headers   etag: '"5XH31XDJ03A55FOLH74BOPKNY"',
42 verbose headers   'content-type': 'application/json',
42 verbose headers   'content-encoding': 'gzip',
42 verbose headers   'cache-control': 'max-age=300',
42 verbose headers   'content-length': '1229',
42 verbose headers   'accept-ranges': 'bytes',
42 verbose headers   date: 'Sun, 25 Sep 2016 13:31:48 GMT',
42 verbose headers   via: '1.1 varnish',
42 verbose headers   age: '0',
42 verbose headers   connection: 'keep-alive',
42 verbose headers   'x-served-by': 'cache-fra1231-FRA',
42 verbose headers   'x-cache': 'MISS',
42 verbose headers   'x-cache-hits': '0',
42 verbose headers   'x-timer': 'S1474810308.315709,VS0,VE182',
42 verbose headers   vary: 'Accept-Encoding' }
43 silly get cb [ 200,
43 silly get   { server: 'CouchDB/1.5.0 (Erlang OTP/R16B03)',
43 silly get     etag: '"5XH31XDJ03A55FOLH74BOPKNY"',
43 silly get     'content-type': 'application/json',
43 silly get     'content-encoding': 'gzip',
43 silly get     'cache-control': 'max-age=300',
43 silly get     'content-length': '1229',
43 silly get     'accept-ranges': 'bytes',
43 silly get     date: 'Sun, 25 Sep 2016 13:31:48 GMT',
43 silly get     via: '1.1 varnish',
43 silly get     age: '0',
43 silly get     connection: 'keep-alive',
43 silly get     'x-served-by': 'cache-fra1231-FRA',
43 silly get     'x-cache': 'MISS',
43 silly get     'x-cache-hits': '0',
43 silly get     'x-timer': 'S1474810308.315709,VS0,VE182',
43 silly get     vary: 'Accept-Encoding' } ]
44 verbose get saving npm-server to /Users/jonathan/.npm/registry.npmjs.org/npm-server/.cache.json
45 verbose correctMkdir /Users/jonathan/.npm correctMkdir not in flight; initializing
46 silly addNameTag next cb for npm-server with tag latest
47 silly addNamed npm-server@0.0.1
48 verbose addNamed "0.0.1" is a plain semver version for npm-server
49 silly mapToRegistry name npm-server
50 silly mapToRegistry using default registry
51 silly mapToRegistry registry https://registry.npmjs.org/
52 silly mapToRegistry data Result {
52 silly mapToRegistry   raw: 'npm-server',
52 silly mapToRegistry   scope: null,
52 silly mapToRegistry   name: 'npm-server',
52 silly mapToRegistry   rawSpec: '',
52 silly mapToRegistry   spec: 'latest',
52 silly mapToRegistry   type: 'tag' }
53 silly mapToRegistry uri https://registry.npmjs.org/npm-server
54 verbose addRemoteTarball https://registry.npmjs.org/npm-server/-/npm-server-0.0.1.tgz not in flight; adding
55 verbose addRemoteTarball [ 'https://registry.npmjs.org/npm-server/-/npm-server-0.0.1.tgz',
55 verbose addRemoteTarball   'f85c97794a3a250ebe2d6d85b8eab3321d703037' ]
56 info retry fetch attempt 1 at 16:31:48
57 info attempt registry request try #1 at 16:31:48
58 http fetch GET https://registry.npmjs.org/npm-server/-/npm-server-0.0.1.tgz
59 http fetch 200 https://registry.npmjs.org/npm-server/-/npm-server-0.0.1.tgz
60 silly fetchAndShaCheck shasum f85c97794a3a250ebe2d6d85b8eab3321d703037
61 verbose addTmpTarball /var/folders/hp/7_pn46s96_56mdfd2g9sm6600000gn/T/npm-31848-8cbef360/registry.npmjs.org/npm-server/-/npm-server-0.0.1.tgz not in flight; adding
62 verbose addTmpTarball already have metadata; skipping unpack for npm-server@0.0.1
63 verbose correctMkdir /Users/jonathan/.npm correctMkdir not in flight; initializing
64 silly cache afterAdd npm-server@0.0.1
65 verbose afterAdd /Users/jonathan/.npm/npm-server/0.0.1/package/package.json not in flight; writing
66 verbose correctMkdir /Users/jonathan/.npm correctMkdir not in flight; initializing
67 verbose afterAdd /Users/jonathan/.npm/npm-server/0.0.1/package/package.json written
68 verbose stack Error: ENOENT: no such file or directory, open '/Users/jonathan/Desktop/Re-Sec/resec/-'
68 verbose stack     at Error (native)
69 verbose cwd /Users/jonathan/Desktop/Re-Sec/resec
70 error Darwin 15.2.0
71 error argv "/usr/local/bin/node" "/usr/local/bin/npm" "install" "npm-server" "-"
72 error node v4.4.4
73 error npm  v2.15.1
74 error path /Users/jonathan/Desktop/Re-Sec/resec/-
75 error code ENOENT
76 error errno -2
77 error syscall open
78 error enoent ENOENT: no such file or directory, open '/Users/jonathan/Desktop/Re-Sec/resec/-'
78 error enoent This is most likely not a problem with npm itself
78 error enoent and is related to npm not being able to find a file.
79 verbose exit [ -2, true ]
